examples/camera-controller/android/app/build/intermediates/manifest_merge_blame_file/debug/processDebugMainManifest/manifest-merger-blame-debug-report.txt
1<?xml version="1.0" encoding="utf-8"?>
2<manifest xmlns:android="http://schemas.android.com/apk/res/android"
3    package="com.matter.camera.controller"
4    android:versionCode="1"
5    android:versionName="1.0" >
6
7    <uses-sdk
7-->src/main/AndroidManifest.xml:5:5-44
8        android:minSdkVersion="28"
8-->src/main/AndroidManifest.xml:5:15-41
9        android:targetSdkVersion="34" />
10
11    <uses-permission android:name="android.permission.BLUETOOTH" />
11-->src/main/AndroidManifest.xml:7:5-68
11-->src/main/AndroidManifest.xml:7:22-65
12    <uses-permission android:name="android.permission.BLUETOOTH_ADMIN" />
12-->src/main/AndroidManifest.xml:8:5-74
12-->src/main/AndroidManifest.xml:8:22-71
13    <uses-permission android:name="android.permission.BLUETOOTH_SCAN" />
13-->src/main/AndroidManifest.xml:9:5-73
13-->src/main/AndroidManifest.xml:9:22-70
14    <uses-permission android:name="android.permission.BLUETOOTH_ADVERTISE" />
14-->src/main/AndroidManifest.xml:10:5-78
14-->src/main/AndroidManifest.xml:10:22-75
15    <uses-permission android:name="android.permission.BLUETOOTH_CONNECT" />
15-->src/main/AndroidManifest.xml:11:5-76
15-->src/main/AndroidManifest.xml:11:22-73
16    <uses-permission android:name="android.permission.CAMERA" />
16-->src/main/AndroidManifest.xml:12:5-65
16-->src/main/AndroidManifest.xml:12:22-62
17    <uses-permission android:name="android.permission.INTERNET" />
17-->src/main/AndroidManifest.xml:13:5-67
17-->src/main/AndroidManifest.xml:13:22-64
18    <uses-permission android:name="android.permission.CHANGE_WIFI_MULTICAST_STATE" />
18-->src/main/AndroidManifest.xml:14:5-86
18-->src/main/AndroidManifest.xml:14:22-83
19    <uses-permission android:name="android.permission.ACCESS_FINE_LOCATION" />
19-->src/main/AndroidManifest.xml:15:5-79
19-->src/main/AndroidManifest.xml:15:22-76
20    <uses-permission android:name="android.permission.ACCESS_NETWORK_STATE" />
20-->src/main/AndroidManifest.xml:16:5-79
20-->src/main/AndroidManifest.xml:16:22-76
21    <uses-permission android:name="android.permission.ACCESS_WIFI_STATE" />
21-->src/main/AndroidManifest.xml:17:5-76
21-->src/main/AndroidManifest.xml:17:22-73
22    <uses-permission android:name="android.permission.CHANGE_WIFI_STATE" />
22-->src/main/AndroidManifest.xml:18:5-76
22-->src/main/AndroidManifest.xml:18:22-73
23    <uses-permission android:name="android.permission.NFC" />
23-->src/main/AndroidManifest.xml:19:5-62
23-->src/main/AndroidManifest.xml:19:22-59
24    <uses-permission android:name="android.permission.RECORD_AUDIO" />
24-->src/main/AndroidManifest.xml:20:5-71
24-->src/main/AndroidManifest.xml:20:22-68
25
26    <permission
26-->[androidx.core:core:1.12.0] AndroidManifest.xml:22:5-24:47
27        android:name="com.matter.camera.controller.DYNAMIC_RECEIVER_NOT_EXPORTED_PERMISSION"
27-->[androidx.core:core:1.12.0] AndroidManifest.xml:23:9-81
28        android:protectionLevel="signature" />
28-->[androidx.core:core:1.12.0] AndroidManifest.xml:24:9-44
29
30    <uses-permission android:name="com.matter.camera.controller.DYNAMIC_RECEIVER_NOT_EXPORTED_PERMISSION" />
30-->[androidx.core:core:1.12.0] AndroidManifest.xml:26:5-97
30-->[androidx.core:core:1.12.0] AndroidManifest.xml:26:22-94
31
32    <application
32-->src/main/AndroidManifest.xml:22:5-48:19
33        android:name="com.matter.camera.controller.MatterCameraApp"
33-->src/main/AndroidManifest.xml:23:9-40
34        android:allowBackup="true"
34-->src/main/AndroidManifest.xml:24:9-35
35        android:appComponentFactory="androidx.core.app.CoreComponentFactory"
35-->[androidx.core:core:1.12.0] AndroidManifest.xml:28:18-86
36        android:debuggable="true"
37        android:extractNativeLibs="false"
38        android:icon="@mipmap/ic_launcher"
38-->src/main/AndroidManifest.xml:25:9-43
39        android:label="@string/app_name"
39-->src/main/AndroidManifest.xml:26:9-41
40        android:supportsRtl="true"
40-->src/main/AndroidManifest.xml:27:9-35
41        android:testOnly="true"
42        android:theme="@style/AppTheme" >
42-->src/main/AndroidManifest.xml:28:9-40
43        <activity
43-->src/main/AndroidManifest.xml:29:9-38:20
44            android:name="com.matter.camera.controller.MainActivity"
44-->src/main/AndroidManifest.xml:30:13-41
45            android:exported="true"
45-->src/main/AndroidManifest.xml:32:13-36
46            android:label="@string/app_name"
46-->src/main/AndroidManifest.xml:31:13-45
47            android:windowSoftInputMode="adjustResize" >
47-->src/main/AndroidManifest.xml:33:13-55
48            <intent-filter>
48-->src/main/AndroidManifest.xml:34:13-37:29
49                <action android:name="android.intent.action.MAIN" />
49-->src/main/AndroidManifest.xml:35:17-69
49-->src/main/AndroidManifest.xml:35:25-66
50
51                <category android:name="android.intent.category.LAUNCHER" />
51-->src/main/AndroidManifest.xml:36:17-77
51-->src/main/AndroidManifest.xml:36:27-74
52            </intent-filter>
53        </activity>
54
55        <provider
56            android:name="androidx.core.content.FileProvider"
56-->src/main/AndroidManifest.xml:40:13-62
57            android:authorities="com.matter.camera.controller.provider"
57-->src/main/AndroidManifest.xml:41:13-60
58            android:exported="false"
58-->src/main/AndroidManifest.xml:42:13-37
59            android:grantUriPermissions="true" >
59-->src/main/AndroidManifest.xml:43:13-47
60            <meta-data
60-->src/main/AndroidManifest.xml:44:13-46:54
61                android:name="android.support.FILE_PROVIDER_PATHS"
61-->src/main/AndroidManifest.xml:45:17-67
62                android:resource="@xml/file_paths" />
62-->src/main/AndroidManifest.xml:46:17-51
63        </provider>
64
65        <service
65-->[androidx.camera:camera-camera2:1.3.1] AndroidManifest.xml:24:9-33:19
66            android:name="androidx.camera.core.impl.MetadataHolderService"
66-->[androidx.camera:camera-camera2:1.3.1] AndroidManifest.xml:25:13-75
67            android:enabled="false"
67-->[androidx.camera:camera-camera2:1.3.1] AndroidManifest.xml:26:13-36
68            android:exported="false" >
68-->[androidx.camera:camera-camera2:1.3.1] AndroidManifest.xml:27:13-37
69            <meta-data
69-->[androidx.camera:camera-camera2:1.3.1] AndroidManifest.xml:30:13-32:89
70                android:name="androidx.camera.core.impl.MetadataHolderService.DEFAULT_CONFIG_PROVIDER"
70-->[androidx.camera:camera-camera2:1.3.1] AndroidManifest.xml:31:17-103
71                android:value="androidx.camera.camera2.Camera2Config$DefaultProvider" />
71-->[androidx.camera:camera-camera2:1.3.1] AndroidManifest.xml:32:17-86
72        </service>
73        <service
73-->[com.google.android.gms:play-services-mlkit-barcode-scanning:18.3.0] AndroidManifest.xml:9:9-15:19
74            android:name="com.google.mlkit.common.internal.MlKitComponentDiscoveryService"
74-->[com.google.android.gms:play-services-mlkit-barcode-scanning:18.3.0] AndroidManifest.xml:10:13-91
75            android:directBootAware="true"
75-->[com.google.mlkit:common:18.9.0] AndroidManifest.xml:17:13-43
76            android:exported="false" >
76-->[com.google.android.gms:play-services-mlkit-barcode-scanning:18.3.0] AndroidManifest.xml:11:13-37
77            <meta-data
77-->[com.google.android.gms:play-services-mlkit-barcode-scanning:18.3.0] AndroidManifest.xml:12:13-14:85
78                android:name="com.google.firebase.components:com.google.mlkit.vision.barcode.internal.BarcodeRegistrar"
78-->[com.google.android.gms:play-services-mlkit-barcode-scanning:18.3.0] AndroidManifest.xml:13:17-120
79                android:value="com.google.firebase.components.ComponentRegistrar" />
79-->[com.google.android.gms:play-services-mlkit-barcode-scanning:18.3.0] AndroidManifest.xml:14:17-82
80            <meta-data
80-->[com.google.mlkit:vision-common:17.3.0] AndroidManifest.xml:12:13-14:85
81                android:name="com.google.firebase.components:com.google.mlkit.vision.common.internal.VisionCommonRegistrar"
81-->[com.google.mlkit:vision-common:17.3.0] AndroidManifest.xml:13:17-124
82                android:value="com.google.firebase.components.ComponentRegistrar" />
82-->[com.google.mlkit:vision-common:17.3.0] AndroidManifest.xml:14:17-82
83            <meta-data
83-->[com.google.mlkit:common:18.9.0] AndroidManifest.xml:20:13-22:85
84                android:name="com.google.firebase.components:com.google.mlkit.common.internal.CommonComponentRegistrar"
84-->[com.google.mlkit:common:18.9.0] AndroidManifest.xml:21:17-120
85                android:value="com.google.firebase.components.ComponentRegistrar" />
85-->[com.google.mlkit:common:18.9.0] AndroidManifest.xml:22:17-82
86        </service>
87
88        <provider
88-->[com.google.mlkit:common:18.9.0] AndroidManifest.xml:9:9-13:38
89            android:name="com.google.mlkit.common.internal.MlKitInitProvider"
89-->[com.google.mlkit:common:18.9.0] AndroidManifest.xml:10:13-78
90            android:authorities="com.matter.camera.controller.mlkitinitprovider"
90-->[com.google.mlkit:common:18.9.0] AndroidManifest.xml:11:13-69
91            android:exported="false"
91-->[com.google.mlkit:common:18.9.0] AndroidManifest.xml:12:13-37
92            android:initOrder="99" />
92-->[com.google.mlkit:common:18.9.0] AndroidManifest.xml:13:13-35
93
94        <activity
94-->[com.google.android.gms:play-services-base:18.1.0] AndroidManifest.xml:20:9-22:45
95            android:name="com.google.android.gms.common.api.GoogleApiActivity"
95-->[com.google.android.gms:play-services-base:18.1.0] AndroidManifest.xml:20:19-85
96            android:exported="false"
96-->[com.google.android.gms:play-services-base:18.1.0] AndroidManifest.xml:22:19-43
97            android:theme="@android:style/Theme.Translucent.NoTitleBar" />
97-->[com.google.android.gms:play-services-base:18.1.0] AndroidManifest.xml:21:19-78
98
99        <meta-data
99-->[com.google.android.gms:play-services-basement:18.1.0] AndroidManifest.xml:21:9-23:69
100            android:name="com.google.android.gms.version"
100-->[com.google.android.gms:play-services-basement:18.1.0] AndroidManifest.xml:22:13-58
101            android:value="@integer/google_play_services_version" />
101-->[com.google.android.gms:play-services-basement:18.1.0] AndroidManifest.xml:23:13-66
102
103        <provider
103-->[androidx.emoji2:emoji2:1.2.0] AndroidManifest.xml:24:9-32:20
104            android:name="androidx.startup.InitializationProvider"
104-->[androidx.emoji2:emoji2:1.2.0] AndroidManifest.xml:25:13-67
105            android:authorities="com.matter.camera.controller.androidx-startup"
105-->[androidx.emoji2:emoji2:1.2.0] AndroidManifest.xml:26:13-68
106            android:exported="false" >
106-->[androidx.emoji2:emoji2:1.2.0] AndroidManifest.xml:27:13-37
107            <meta-data
107-->[androidx.emoji2:emoji2:1.2.0] AndroidManifest.xml:29:13-31:52
108                android:name="androidx.emoji2.text.EmojiCompatInitializer"
108-->[androidx.emoji2:emoji2:1.2.0] AndroidManifest.xml:30:17-75
109                android:value="androidx.startup" />
109-->[androidx.emoji2:emoji2:1.2.0] AndroidManifest.xml:31:17-49
110            <meta-data
110-->[androidx.lifecycle:lifecycle-process:2.7.0] AndroidManifest.xml:29:13-31:52
111                android:name="androidx.lifecycle.ProcessLifecycleInitializer"
111-->[androidx.lifecycle:lifecycle-process:2.7.0] AndroidManifest.xml:30:17-78
112                android:value="androidx.startup" />
112-->[androidx.lifecycle:lifecycle-process:2.7.0] AndroidManifest.xml:31:17-49
113            <meta-data
113-->[androidx.profileinstaller:profileinstaller:1.3.0] AndroidManifest.xml:29:13-31:52
114                android:name="androidx.profileinstaller.ProfileInstallerInitializer"
114-->[androidx.profileinstaller:profileinstaller:1.3.0] AndroidManifest.xml:30:17-85
115                android:value="androidx.startup" />
115-->[androidx.profileinstaller:profileinstaller:1.3.0] AndroidManifest.xml:31:17-49
116        </provider>
117
118        <uses-library
118-->[androidx.window:window:1.0.0] AndroidManifest.xml:25:9-27:40
119            android:name="androidx.window.extensions"
119-->[androidx.window:window:1.0.0] AndroidManifest.xml:26:13-54
120            android:required="false" />
120-->[androidx.window:window:1.0.0] AndroidManifest.xml:27:13-37
121        <uses-library
121-->[androidx.window:window:1.0.0] AndroidManifest.xml:28:9-30:40
122            android:name="androidx.window.sidecar"
122-->[androidx.window:window:1.0.0] AndroidManifest.xml:29:13-51
123            android:required="false" />
123-->[androidx.window:window:1.0.0] AndroidManifest.xml:30:13-37
124
125        <receiver
125-->[androidx.profileinstaller:profileinstaller:1.3.0] AndroidManifest.xml:34:9-52:20
126            android:name="androidx.profileinstaller.ProfileInstallReceiver"
126-->[androidx.profileinstaller:profileinstaller:1.3.0] AndroidManifest.xml:35:13-76
127            android:directBootAware="false"
127-->[androidx.profileinstaller:profileinstaller:1.3.0] AndroidManifest.xml:36:13-44
128            android:enabled="true"
128-->[androidx.profileinstaller:profileinstaller:1.3.0] AndroidManifest.xml:37:13-35
129            android:exported="true"
129-->[androidx.profileinstaller:profileinstaller:1.3.0] AndroidManifest.xml:38:13-36
130            android:permission="android.permission.DUMP" >
130-->[androidx.profileinstaller:profileinstaller:1.3.0] AndroidManifest.xml:39:13-57
131            <intent-filter>
131-->[androidx.profileinstaller:profileinstaller:1.3.0] AndroidManifest.xml:40:13-42:29
132                <action android:name="androidx.profileinstaller.action.INSTALL_PROFILE" />
132-->[androidx.profileinstaller:profileinstaller:1.3.0] AndroidManifest.xml:41:17-91
132-->[androidx.profileinstaller:profileinstaller:1.3.0] AndroidManifest.xml:41:25-88
133            </intent-filter>
134            <intent-filter>
134-->[androidx.profileinstaller:profileinstaller:1.3.0] AndroidManifest.xml:43:13-45:29
135                <action android:name="androidx.profileinstaller.action.SKIP_FILE" />
135-->[androidx.profileinstaller:profileinstaller:1.3.0] AndroidManifest.xml:44:17-85
135-->[androidx.profileinstaller:profileinstaller:1.3.0] AndroidManifest.xml:44:25-82
136            </intent-filter>
137            <intent-filter>
137-->[androidx.profileinstaller:profileinstaller:1.3.0] AndroidManifest.xml:46:13-48:29
138                <action android:name="androidx.profileinstaller.action.SAVE_PROFILE" />
138-->[androidx.profileinstaller:profileinstaller:1.3.0] AndroidManifest.xml:47:17-88
138-->[androidx.profileinstaller:profileinstaller:1.3.0] AndroidManifest.xml:47:25-85
139            </intent-filter>
140            <intent-filter>
140-->[androidx.profileinstaller:profileinstaller:1.3.0] AndroidManifest.xml:49:13-51:29
141                <action android:name="androidx.profileinstaller.action.BENCHMARK_OPERATION" />
141-->[androidx.profileinstaller:profileinstaller:1.3.0] AndroidManifest.xml:50:17-95
141-->[androidx.profileinstaller:profileinstaller:1.3.0] AndroidManifest.xml:50:25-92
142            </intent-filter>
143        </receiver>
144
145        <service
145-->[com.google.android.datatransport:transport-backend-cct:2.3.3] AndroidManifest.xml:29:9-35:19
146            android:name="com.google.android.datatransport.runtime.backends.TransportBackendDiscovery"
146-->[com.google.android.datatransport:transport-backend-cct:2.3.3] AndroidManifest.xml:30:13-103
147            android:exported="false" >
147-->[com.google.android.datatransport:transport-backend-cct:2.3.3] AndroidManifest.xml:31:13-37
148            <meta-data
148-->[com.google.android.datatransport:transport-backend-cct:2.3.3] AndroidManifest.xml:32:13-34:39
149                android:name="backend:com.google.android.datatransport.cct.CctBackendFactory"
149-->[com.google.android.datatransport:transport-backend-cct:2.3.3] AndroidManifest.xml:33:17-94
150                android:value="cct" />
150-->[com.google.android.datatransport:transport-backend-cct:2.3.3] AndroidManifest.xml:34:17-36
151        </service>
152        <service
152-->[com.google.android.datatransport:transport-runtime:2.2.6] AndroidManifest.xml:26:9-30:19
153            android:name="com.google.android.datatransport.runtime.scheduling.jobscheduling.JobInfoSchedulerService"
153-->[com.google.android.datatransport:transport-runtime:2.2.6] AndroidManifest.xml:27:13-117
154            android:exported="false"
154-->[com.google.android.datatransport:transport-runtime:2.2.6] AndroidManifest.xml:28:13-37
155            android:permission="android.permission.BIND_JOB_SERVICE" >
155-->[com.google.android.datatransport:transport-runtime:2.2.6] AndroidManifest.xml:29:13-69
156        </service>
157
158        <receiver
158-->[com.google.android.datatransport:transport-runtime:2.2.6] AndroidManifest.xml:32:9-34:40
159            android:name="com.google.android.datatransport.runtime.scheduling.jobscheduling.AlarmManagerSchedulerBroadcastReceiver"
159-->[com.google.android.datatransport:transport-runtime:2.2.6] AndroidManifest.xml:33:13-132
160            android:exported="false" />
160-->[com.google.android.datatransport:transport-runtime:2.2.6] AndroidManifest.xml:34:13-37
161    </application>
162
163</manifest>